# JRE version: OpenJDK Runtime Environment (8.0_91-b14) (build 1.8.0_91-8u91-b14-3ubuntu1~16.04.1-b14)
# Java VM: OpenJDK 64-Bit Server VM (25.91-b14 mixed mode linux-amd64 compressed oops)
Heap:
 PSYoungGen      total 66048K, used 30797K [0x000000076cd00000, 0x0000000771700000, 0x00000007c0000000)
  eden space 59392K, 41% used [0x000000076cd00000,0x000000076e4fc820,0x0000000770700000)
  from space 6656K, 93% used [0x0000000770800000,0x0000000770e16c70,0x0000000770e80000)
  to   space 8192K, 0% used [0x0000000770f00000,0x0000000770f00000,0x0000000771700000)
 ParOldGen       total 124416K, used 7088K [0x00000006c6600000, 0x00000006cdf80000, 0x000000076cd00000)
  object space 124416K, 5% used [0x00000006c6600000,0x00000006c6cec080,0x00000006cdf80000)
 Metaspace       used 27073K, capacity 27256K, committed 27648K, reserved 1073152K
  class space    used 3253K, capacity 3317K, committed 3328K, reserved 1048576K
GC Heap History (10 events):
Event: 921.881 GC heap before
{Heap before GC invocations=6 (full 1):
 PSYoungGen      total 74752K, used 69723K [0x000000076cd00000, 0x0000000772000000, 0x00000007c0000000)
  eden space 64512K, 100% used [0x000000076cd00000,0x0000000770c00000,0x0000000770c00000)
  from space 10240K, 50% used [0x0000000771600000,0x0000000771b16c50,0x0000000772000000)
  to   space 10240K, 0% used [0x0000000770c00000,0x0000000770c00000,0x0000000771600000)
 ParOldGen       total 124416K, used 7048K [0x00000006c6600000, 0x00000006cdf80000, 0x000000076cd00000)
  object space 124416K, 5% used [0x00000006c6600000,0x00000006c6ce2080,0x00000006cdf80000)
 Metaspace       used 26635K, capacity 26866K, committed 27136K, reserved 1073152K
  class space    used 3237K, capacity 3316K, committed 3328K, reserved 1048576K
Event: 921.888 GC heap after
Heap after GC invocations=6 (full 1):
 PSYoungGen      total 67584K, used 3739K [0x000000076cd00000, 0x0000000771a00000, 0x00000007c0000000)
  eden space 63488K, 0% used [0x000000076cd00000,0x000000076cd00000,0x0000000770b00000)
  from space 4096K, 91% used [0x0000000770c00000,0x0000000770fa6c70,0x0000000771000000)
  to   space 7680K, 0% used [0x0000000771280000,0x0000000771280000,0x0000000771a00000)
 ParOldGen       total 124416K, used 7056K [0x00000006c6600000, 0x00000006cdf80000, 0x000000076cd00000)
  object space 124416K, 5% used [0x00000006c6600000,0x00000006c6ce4080,0x00000006cdf80000)
 Metaspace       used 26635K, capacity 26866K, committed 27136K, reserved 1073152K
  class space    used 3237K, capacity 3316K, committed 3328K, reserved 1048576K
}
Event: 1261.837 GC heap before
{Heap before GC invocations=7 (full 1):
 PSYoungGen      total 67584K, used 67227K [0x000000076cd00000, 0x0000000771a00000, 0x00000007c0000000)
  eden space 63488K, 100% used [0x000000076cd00000,0x0000000770b00000,0x0000000770b00000)
  from space 4096K, 91% used [0x0000000770c00000,0x0000000770fa6c70,0x0000000771000000)
  to   space 7680K, 0% used [0x0000000771280000,0x0000000771280000,0x0000000771a00000)
 ParOldGen       total 124416K, used 7056K [0x00000006c6600000, 0x00000006cdf80000, 0x000000076cd00000)
  object space 124416K, 5% used [0x00000006c6600000,0x00000006c6ce4080,0x00000006cdf80000)
 Metaspace       used 26805K, capacity 26994K, committed 27392K, reserved 1073152K
  class space    used 3237K, capacity 3316K, committed 3328K, reserved 1048576K
Event: 1261.844 GC heap after
Heap after GC invocations=7 (full 1):
 PSYoungGen      total 69120K, used 4443K [0x000000076cd00000, 0x0000000771900000, 0x00000007c0000000)
  eden space 62464K, 0% used [0x000000076cd00000,0x000000076cd00000,0x0000000770a00000)
  from space 6656K, 66% used [0x0000000771280000,0x00000007716d6c70,0x0000000771900000)
  to   space 7680K, 0% used [0x0000000770a00000,0x0000000770a00000,0x0000000771180000)
 ParOldGen       total 124416K, used 7064K [0x00000006c6600000, 0x00000006cdf80000, 0x000000076cd00000)
  object space 124416K, 5% used [0x00000006c6600000,0x00000006c6ce6080,0x00000006cdf80000)
 Metaspace       used 26805K, capacity 26994K, committed 27392K, reserved 1073152K
  class space    used 3237K, capacity 3316K, committed 3328K, reserved 1048576K
}
Event: 1425.487 GC heap before
{Heap before GC invocations=8 (full 1):
 PSYoungGen      total 69120K, used 66907K [0x000000076cd00000, 0x0000000771900000, 0x00000007c0000000)
  eden space 62464K, 100% used [0x000000076cd00000,0x0000000770a00000,0x0000000770a00000)
  from space 6656K, 66% used [0x0000000771280000,0x00000007716d6c70,0x0000000771900000)
  to   space 7680K, 0% used [0x0000000770a00000,0x0000000770a00000,0x0000000771180000)
 ParOldGen       total 124416K, used 7064K [0x00000006c6600000, 0x00000006cdf80000, 0x000000076cd00000)
  object space 124416K, 5% used [0x00000006c6600000,0x00000006c6ce6080,0x00000006cdf80000)
 Metaspace       used 26822K, capacity 26994K, committed 27392K, reserved 1073152K
  class space    used 3237K, capacity 3316K, committed 3328K, reserved 1048576K
Event: 1425.499 GC heap after
Heap after GC invocations=8 (full 1):
 PSYoungGen      total 67584K, used 5835K [0x000000076cd00000, 0x0000000771800000, 0x00000007c0000000)
  eden space 61440K, 0% used [0x000000076cd00000,0x000000076cd00000,0x0000000770900000)
  from space 6144K, 94% used [0x0000000770a00000,0x0000000770fb2c60,0x0000000771000000)
  to   space 7680K, 0% used [0x0000000771080000,0x0000000771080000,0x0000000771800000)
 ParOldGen       total 124416K, used 7072K [0x00000006c6600000, 0x00000006cdf80000, 0x000000076cd00000)
  object space 124416K, 5% used [0x00000006c6600000,0x00000006c6ce8080,0x00000006cdf80000)
 Metaspace       used 26822K, capacity 26994K, committed 27392K, reserved 1073152K
  class space    used 3237K, capacity 3316K, committed 3328K, reserved 1048576K
}
Event: 2513.212 GC heap before
{Heap before GC invocations=9 (full 1):
 PSYoungGen      total 67584K, used 67275K [0x000000076cd00000, 0x0000000771800000, 0x00000007c0000000)
  eden space 61440K, 100% used [0x000000076cd00000,0x0000000770900000,0x0000000770900000)
  from space 6144K, 94% used [0x0000000770a00000,0x0000000770fb2c60,0x0000000771000000)
  to   space 7680K, 0% used [0x0000000771080000,0x0000000771080000,0x0000000771800000)
 ParOldGen       total 124416K, used 7072K [0x00000006c6600000, 0x00000006cdf80000, 0x000000076cd00000)
  object space 124416K, 5% used [0x00000006c6600000,0x00000006c6ce8080,0x00000006cdf80000)
 Metaspace       used 26982K, capacity 27192K, committed 27392K, reserved 1073152K
  class space    used 3251K, capacity 3317K, committed 3328K, reserved 1048576K
Event: 2513.222 GC heap after
Heap after GC invocations=9 (full 1):
 PSYoungGen      total 68096K, used 6459K [0x000000076cd00000, 0x0000000771800000, 0x00000007c0000000)
  eden space 60416K, 0% used [0x000000076cd00000,0x000000076cd00000,0x0000000770800000)
  from space 7680K, 84% used [0x0000000771080000,0x00000007716cec50,0x0000000771800000)
  to   space 8192K, 0% used [0x0000000770800000,0x0000000770800000,0x0000000771000000)
 ParOldGen       total 124416K, used 7080K [0x00000006c6600000, 0x00000006cdf80000, 0x000000076cd00000)
  object space 124416K, 5% used [0x00000006c6600000,0x00000006c6cea080,0x00000006cdf80000)
 Metaspace       used 26982K, capacity 27192K, committed 27392K, reserved 1073152K
  class space    used 3251K, capacity 3317K, committed 3328K, reserved 1048576K
}
Event: 2544.055 GC heap before
{Heap before GC invocations=10 (full 1):
 PSYoungGen      total 68096K, used 66875K [0x000000076cd00000, 0x0000000771800000, 0x00000007c0000000)
  eden space 60416K, 100% used [0x000000076cd00000,0x0000000770800000,0x0000000770800000)
  from space 7680K, 84% used [0x0000000771080000,0x00000007716cec50,0x0000000771800000)
  to   space 8192K, 0% used [0x0000000770800000,0x0000000770800000,0x0000000771000000)
 ParOldGen       total 124416K, used 7080K [0x00000006c6600000, 0x00000006cdf80000, 0x000000076cd00000)
  object space 124416K, 5% used [0x00000006c6600000,0x00000006c6cea080,0x00000006cdf80000)
 Metaspace       used 26987K, capacity 27192K, committed 27392K, reserved 1073152K
  class space    used 3251K, capacity 3317K, committed 3328K, reserved 1048576K
Event: 2544.062 GC heap after
Heap after GC invocations=10 (full 1):
 PSYoungGen      total 66048K, used 6235K [0x000000076cd00000, 0x0000000771700000, 0x00000007c0000000)
  eden space 59392K, 0% used [0x000000076cd00000,0x000000076cd00000,0x0000000770700000)
  from space 6656K, 93% used [0x0000000770800000,0x0000000770e16c70,0x0000000770e80000)
  to   space 8192K, 0% used [0x0000000770f00000,0x0000000770f00000,0x0000000771700000)
 ParOldGen       total 124416K, used 7088K [0x00000006c6600000, 0x00000006cdf80000, 0x000000076cd00000)
  object space 124416K, 5% used [0x00000006c6600000,0x00000006c6cec080,0x00000006cdf80000)
 Metaspace       used 26987K, capacity 27192K, committed 27392K, reserved 1073152K
  class space    used 3251K, capacity 3317K, committed 3328K, reserved 1048576K
}

